
===========================================================================
report_checks -unconstrained
===========================================================================
======================= max_ss_100C_1v60 Corner ===================================

Startpoint: a[10] (input port clocked by clk)
Endpoint: _555_ (rising edge-triggered flip-flop clocked by clk)
Path Group: clk
Path Type: max

Fanout         Cap        Slew       Delay        Time   Description
---------------------------------------------------------------------------------------------
                                  0.000000    0.000000   clock clk (rise edge)
                                  0.000000    0.000000   clock network delay (propagated)
                                  2.000000    2.000000 ^ input external delay
     1    0.003297    0.035552    0.018463    2.018463 ^ a[10] (in)
                                                         a[10] (net)
                      0.035552    0.000000    2.018463 ^ input2/A (sky130_fd_sc_hd__clkbuf_1)
     3    0.007950    0.163990    0.201963    2.220426 ^ input2/X (sky130_fd_sc_hd__clkbuf_1)
                                                         net2 (net)
                      0.163990    0.000423    2.220849 ^ _342_/A_N (sky130_fd_sc_hd__and2b_1)
     2    0.005884    0.090764    0.423351    2.644199 v _342_/X (sky130_fd_sc_hd__and2b_1)
                                                         _133_ (net)
                      0.090764    0.000325    2.644524 v _347_/A (sky130_fd_sc_hd__or4_1)
     2    0.006085    0.217499    1.277646    3.922171 v _347_/X (sky130_fd_sc_hd__or4_1)
                                                         _138_ (net)
                      0.217499    0.000350    3.922521 v _358_/A (sky130_fd_sc_hd__or4_1)
     2    0.006692    0.224915    1.332241    5.254761 v _358_/X (sky130_fd_sc_hd__or4_1)
                                                         _149_ (net)
                      0.224915    0.000385    5.255146 v _367_/A (sky130_fd_sc_hd__nor2_1)
     2    0.007059    0.245192    0.315291    5.570437 ^ _367_/Y (sky130_fd_sc_hd__nor2_1)
                                                         _158_ (net)
                      0.245192    0.000356    5.570793 ^ _387_/D_N (sky130_fd_sc_hd__or4bb_1)
     1    0.004424    0.195739    1.019187    6.589980 v _387_/X (sky130_fd_sc_hd__or4bb_1)
                                                         _178_ (net)
                      0.195739    0.000205    6.590186 v _388_/C1 (sky130_fd_sc_hd__o211ai_2)
     2    0.016440    0.391446    0.224726    6.814911 ^ _388_/Y (sky130_fd_sc_hd__o211ai_2)
                                                         _179_ (net)
                      0.391446    0.001122    6.816033 ^ fanout95/A (sky130_fd_sc_hd__clkbuf_4)
    10    0.052615    0.260198    0.530697    7.346730 ^ fanout95/X (sky130_fd_sc_hd__clkbuf_4)
                                                         net95 (net)
                      0.260213    0.002291    7.349020 ^ fanout94/A (sky130_fd_sc_hd__clkbuf_4)
    10    0.041909    0.212803    0.438898    7.787919 ^ fanout94/X (sky130_fd_sc_hd__clkbuf_4)
                                                         net94 (net)
                      0.212863    0.003423    7.791342 ^ _472_/S (sky130_fd_sc_hd__mux2_1)
     1    0.002967    0.111721    0.753787    8.545129 v _472_/X (sky130_fd_sc_hd__mux2_1)
                                                         _237_ (net)
                      0.111721    0.000218    8.545347 v _473_/B (sky130_fd_sc_hd__and2_1)
     1    0.002461    0.065439    0.329422    8.874768 v _473_/X (sky130_fd_sc_hd__and2_1)
                                                         _027_ (net)
                      0.065439    0.000102    8.874871 v _555_/D (sky130_fd_sc_hd__dfxtp_1)
                                              8.874871   data arrival time

                                 10.000000   10.000000   clock clk (rise edge)
                                  0.000000   10.000000   clock source latency
     1    0.016495    0.125822    0.085162   10.085162 ^ clk (in)
                                                         clk (net)
                      0.125840    0.000000   10.085162 ^ clkbuf_0_clk/A (sky130_fd_sc_hd__clkbuf_16)
     4    0.041281    0.095416    0.276294   10.361456 ^ clkbuf_0_clk/X (sky130_fd_sc_hd__clkbuf_16)
                                                         clknet_0_clk (net)
                      0.095476    0.002118   10.363574 ^ clkbuf_2_0__f_clk/A (sky130_fd_sc_hd__clkbuf_16)
    15    0.044461    0.099708    0.265902   10.629477 ^ clkbuf_2_0__f_clk/X (sky130_fd_sc_hd__clkbuf_16)
                                                         clknet_2_0__leaf_clk (net)
                      0.099914    0.003617   10.633093 ^ _555_/CLK (sky130_fd_sc_hd__dfxtp_1)
                                 -0.250000   10.383093   clock uncertainty
                                  0.000000   10.383093   clock reconvergence pessimism
                                 -0.259027   10.124066   library setup time
                                             10.124066   data required time
---------------------------------------------------------------------------------------------
                                             10.124066   data required time
                                             -8.874871   data arrival time
---------------------------------------------------------------------------------------------
                                              1.249195   slack (MET)




===========================================================================
report_checks --slack_max -0.01
============================================================================
======================= max_ss_100C_1v60 Corner ===================================

No paths found.


===========================================================================
 report_check_types -max_slew -max_cap -max_fanout -violators
============================================================================
======================= max_ss_100C_1v60 Corner ===================================

max slew

Pin                                        Limit        Slew       Slack
------------------------------------------------------------------------
_299_/Y                                 0.750000    0.807539   -0.057539 (VIOLATED)
_328_/A1                                0.750000    0.807539   -0.057539 (VIOLATED)
max_cap101/A                            0.750000    0.807539   -0.057539 (VIOLATED)

max fanout

Pin                                   Limit Fanout  Slack
---------------------------------------------------------
clkbuf_2_0__f_clk/X                      10     15     -5 (VIOLATED)
clkbuf_2_1__f_clk/X                      10     15     -5 (VIOLATED)
clkbuf_2_2__f_clk/X                      10     15     -5 (VIOLATED)
clkbuf_2_3__f_clk/X                      10     14     -4 (VIOLATED)



===========================================================================
report_parasitic_annotation -report_unannotated
============================================================================
Found 3 unannotated drivers.
 clkload0/X
 clkload1/X
 clkload2/X
Found 0 partially unannotated drivers.

===========================================================================
max slew violation count 3
max fanout violation count 4
max cap violation count 0
============================================================================

===========================================================================
check_setup -verbose -unconstrained_endpoints -multiple_clock -no_clock -no_input_delay -loops -generated_clocks
===========================================================================
